#
# There is insufficient memory for the Java Runtime Environment to continue.
# Native memory allocation (malloc) failed to allocate 1048576 bytes for AllocateHeap
# Possible reasons:
#   The system is out of physical RAM or swap space
#   In 32 bit mode, the process size limit was hit
# Possible solutions:
#   Reduce memory load on the system
#   Increase physical memory or swap space
#   Check if swap backing store is full
#   Use 64 bit Java on a 64 bit OS
#   Decrease Java heap size (-Xmx/-Xms)
#   Decrease number of Java threads
#   Decrease Java thread stack sizes (-Xss)
#   Set larger code cache with -XX:ReservedCodeCacheSize=
# This output file may be truncated or incomplete.
#
#  Out of Memory Error (memory/allocation.inline.hpp:61), pid=21164, tid=0x0000000000005114
#
# JRE version:  (8.0_121-b13) (build )
# Java VM: Java HotSpot(TM) 64-Bit Server VM (25.121-b13 mixed mode windows-amd64 compressed oops)
# Failed to write core dump. Minidumps are not enabled by default on client versions of Windows
#

---------------  T H R E A D  ---------------

Current thread (0x0000000002b80800):  JavaThread "Unknown thread" [_thread_in_vm, id=20756, stack(0x0000000002a80000,0x0000000002b80000)]

Stack: [0x0000000002a80000,0x0000000002b80000]
[error occurred during error reporting (printing stack bounds), id 0xc0000005]

Native frames: (J=compiled Java code, j=interpreted, Vv=VM code, C=native code)


---------------  P R O C E S S  ---------------

Java Threads: ( => current thread )

Other Threads:

=>0x0000000002b80800 (exited) JavaThread "Unknown thread" [_thread_in_vm, id=20756, stack(0x0000000002a80000,0x0000000002b80000)]

VM state:not at safepoint (normal execution)

VM Mutex/Monitor currently owned by a thread: None

Heap:
 PSYoungGen      total 18944K, used 327K [0x00000000eb180000, 0x00000000ec680000, 0x0000000100000000)
  eden space 16384K, 2% used [0x00000000eb180000,0x00000000eb1d1ec8,0x00000000ec180000)
  from space 2560K, 0% used [0x00000000ec400000,0x00000000ec400000,0x00000000ec680000)
  to   space 2560K, 0% used [0x00000000ec180000,0x00000000ec180000,0x00000000ec400000)
 ParOldGen       total 44032K, used 0K [0x00000000c1400000, 0x00000000c3f00000, 0x00000000eb180000)
  object space 44032K, 0% used [0x00000000c1400000,0x00000000c1400000,0x00000000c3f00000)
 Metaspace       used 746K, capacity 4480K, committed 4480K, reserved 1056768K
  class space    used 75K, capacity 384K, committed 384K, reserved 1048576K

Card table byte_map: [0x0000000012040000,0x0000000012240000] byte_map_base: 0x0000000011a36000

Marking Bits: (ParMarkBitMap*) 0x00000000773eb6d0
 Begin Bits: [0x0000000012790000, 0x0000000013740000)
 End Bits:   [0x0000000013740000, 0x00000000146f0000)

Polling page: 0x0000000000fc0000

CodeCache: size=245760Kb used=328Kb max_used=328Kb free=245431Kb
 bounds [0x0000000002c80000, 0x0000000002ef0000, 0x0000000011c80000]
 total_blobs=58 nmethods=0 adapters=38
 compilation: enabled

Compilation events (0 events):
No events

GC Heap History (0 events):
No events

Deoptimization events (0 events):
No events

Internal exceptions (0 events):
No events

Events (10 events):
Event: 0.039 loading class java/lang/Short
Event: 0.039 loading class java/lang/Short done
Event: 0.039 loading class java/lang/Integer
Event: 0.040 loading class java/lang/Integer done
Event: 0.040 loading class java/lang/Long
Event: 0.040 loading class java/lang/Long done
Event: 0.040 loading class java/lang/NullPointerException
Event: 0.040 loading class java/lang/NullPointerException done
Event: 0.040 loading class java/lang/ArithmeticException
Event: 0.040 loading class java/lang/ArithmeticException done


Dynamic libraries:
0x00007ff7c5b70000 - 0x00007ff7c5ba7000 	C:\Program Files\Java\jre1.8.0_121\bin\javaw.exe
0x00007ffeeae00000 - 0x00007ffeeafd1000 	C:\WINDOWS\SYSTEM32\ntdll.dll
0x00007ffee9030000 - 0x00007ffee90db000 	C:\WINDOWS\System32\KERNEL32.DLL
0x00007ffee7540000 - 0x00007ffee775d000 	C:\WINDOWS\System32\KERNELBASE.dll
0x00007ffee8670000 - 0x00007ffee8712000 	C:\WINDOWS\System32\ADVAPI32.dll
0x00007ffeead60000 - 0x00007ffeeadfe000 	C:\WINDOWS\System32\msvcrt.dll
0x00007ffee88c0000 - 0x00007ffee8919000 	C:\WINDOWS\System32\sechost.dll
0x00007ffee84d0000 - 0x00007ffee85f1000 	C:\WINDOWS\System32\RPCRT4.dll
0x00007ffee8360000 - 0x00007ffee84c5000 	C:\WINDOWS\System32\USER32.dll
0x00007ffee7150000 - 0x00007ffee716e000 	C:\WINDOWS\System32\win32u.dll
0x00007ffeeabc0000 - 0x00007ffeeabf4000 	C:\WINDOWS\System32\GDI32.dll
0x00007ffee7fd0000 - 0x00007ffee8152000 	C:\WINDOWS\System32\gdi32full.dll
0x00007ffedae20000 - 0x00007ffedb099000 	C:\WINDOWS\WinSxS\amd64_microsoft.windows.common-controls_6595b64144ccf1df_6.0.14393.447_none_42191651c6827bb3\COMCTL32.dll
0x00007ffee8b90000 - 0x00007ffee8e58000 	C:\WINDOWS\System32\combase.dll
0x00007ffee7170000 - 0x00007ffee7265000 	C:\WINDOWS\System32\ucrtbase.dll
0x00007ffee8160000 - 0x00007ffee81ca000 	C:\WINDOWS\System32\bcryptPrimitives.dll
0x00007ffee8f60000 - 0x00007ffee8f8e000 	C:\WINDOWS\System32\IMM32.DLL
0x0000000076930000 - 0x0000000076a02000 	C:\Program Files\Java\jre1.8.0_121\bin\msvcr100.dll
0x0000000076bd0000 - 0x000000007746b000 	C:\Program Files\Java\jre1.8.0_121\bin\server\jvm.dll
0x00007ffee7fa0000 - 0x00007ffee7fc3000 	C:\WINDOWS\System32\WINMM.dll
0x00007ffee7050000 - 0x00007ffee707b000 	C:\WINDOWS\System32\WINMMBASE.dll
0x00007ffee7f50000 - 0x00007ffee7f92000 	C:\WINDOWS\System32\cfgmgr32.dll
0x00007ffee8290000 - 0x00007ffee8298000 	C:\WINDOWS\System32\PSAPI.DLL
0x00007ffed8880000 - 0x00007ffed8889000 	C:\WINDOWS\SYSTEM32\WSOCK32.dll
0x00007ffee8600000 - 0x00007ffee866a000 	C:\WINDOWS\System32\WS2_32.dll
0x00007ffed9b70000 - 0x00007ffed9b7a000 	C:\WINDOWS\SYSTEM32\VERSION.dll
0x0000000076ae0000 - 0x0000000076aef000 	C:\Program Files\Java\jre1.8.0_121\bin\verify.dll
0x0000000076ab0000 - 0x0000000076ad9000 	C:\Program Files\Java\jre1.8.0_121\bin\java.dll
0x0000000076a90000 - 0x0000000076aa6000 	C:\Program Files\Java\jre1.8.0_121\bin\zip.dll

VM Arguments:
jvm_args: -Djava.library.path=C:\TwinCAT\AdsApi\AdsToJava\x64 -Dfile.encoding=GBK 
java_command: testADS.Test
java_class_path (initial): C:\Users\liuwei\workspace\testADS\bin;C:\TwinCAT\AdsApi\AdsToJava\TcJavaToAds.jar
Launcher Type: SUN_STANDARD

Environment Variables:
JAVA_HOME=C:\Program Files\Java\jdk1.8.0_121
PATH=C:/Program Files/Java/jre1.8.0_121/bin/server;C:/Program Files/Java/jre1.8.0_121/bin;C:/Program Files/Java/jre1.8.0_121/lib/amd64;C:\ProgramData\Oracle\Java\javapath;C:\TwinCAT\Common64;C:\TwinCAT\Common32;C:\Program Files (x86)\NVIDIA Corporation\PhysX\Common;C:\Program Files (x86)\Intel\iCLS Client\;C:\Program Files\Intel\iCLS Client\;C:\WINDOWS\system32;C:\WINDOWS;C:\WINDOWS\System32\Wbem;C:\WINDOWS\System32\WindowsPowerShell\v1.0\;C:\Program Files\Intel\Intel(R) Management Engine Components\DAL;C:\Program Files\Intel\Intel(R) Management Engine Components\IPT;C:\Program Files (x86)\Intel\Intel(R) Management Engine Components\DAL;C:\Program Files (x86)\Intel\Intel(R) Management Engine Components\IPT;C:\Program Files (x86)\Lenovo\Lenovo Home\;C:\Program Files (x86)\Common Files\lenovo\easyplussdk\bin;C:\Program Files\nodejs\;C:\Program Files\Java\jdk1.8.0_121\bin;C:\Python27;C:\Users\liuwei\AppData\Local\Microsoft\WindowsApps;C:\Users\liuwei\AppData\Roaming\npm;C:\Users\liuwei\Desktop;
USERNAME=liuwei
OS=Windows_NT
PROCESSOR_IDENTIFIER=Intel64 Family 6 Model 60 Stepping 3, GenuineIntel



---------------  S Y S T E M  ---------------

OS: Windows 10.0 , 64 bit Build 14393 (10.0.14393.0)

CPU:total 4 (2 cores per cpu, 2 threads per core) family 6 model 60 stepping 3, cmov, cx8, fxsr, mmx, sse, sse2, sse3, ssse3, sse4.1, sse4.2, popcnt, avx, avx2, aes, clmul, erms, lzcnt, ht, tsc, tscinvbit, bmi1, bmi2

Memory: 4k page, physical 4104920k(1832620k free), swap 16687832k(5176k free)

vm_info: Java HotSpot(TM) 64-Bit Server VM (25.121-b13) for windows-amd64 JRE (1.8.0_121-b13), built on Dec 12 2016 18:21:36 by "java_re" with MS VC++ 10.0 (VS2010)

time: Wed Mar 22 16:04:41 2017
elapsed time: 0 seconds (0d 0h 0m 0s)

